 * Serving Flask app "claves" (lazy loading)
 * Environment: production
   WARNING: This is a development server. Do not use it in a production deployment.
   Use a production WSGI server instead.
 * Debug mode: off
 * Running on https://0.0.0.0:4000/ (Press CTRL+C to quit)
127.0.0.1 - - [31/May/2024 19:49:08] "[37mGET / HTTP/1.1[0m" 200 -
 * Serving Flask app "claves" (lazy loading)
 * Environment: production
   WARNING: This is a development server. Do not use it in a production deployment.
   Use a production WSGI server instead.
 * Debug mode: off
Traceback (most recent call last):
  File "claves.py", line 15, in <module>
    app.run(host='0.0.0.0', port=4000, ssl_context='adhoc')
  File "/home/devasc/.local/lib/python3.8/site-packages/flask/app.py", line 990, in run
    run_simple(host, port, self, **options)
  File "/home/devasc/.local/lib/python3.8/site-packages/werkzeug/serving.py", line 1052, in run_simple
    inner()
  File "/home/devasc/.local/lib/python3.8/site-packages/werkzeug/serving.py", line 996, in inner
    srv = make_server(
  File "/home/devasc/.local/lib/python3.8/site-packages/werkzeug/serving.py", line 847, in make_server
    return ThreadedWSGIServer(
  File "/home/devasc/.local/lib/python3.8/site-packages/werkzeug/serving.py", line 740, in __init__
    HTTPServer.__init__(self, server_address, handler)
  File "/usr/lib/python3.8/socketserver.py", line 452, in __init__
    self.server_bind()
  File "/usr/lib/python3.8/http/server.py", line 138, in server_bind
    socketserver.TCPServer.server_bind(self)
  File "/usr/lib/python3.8/socketserver.py", line 466, in server_bind
    self.socket.bind(self.server_address)
OSError: [Errno 98] Address already in use
127.0.0.1 - - [31/May/2024 19:59:00] "[33mPOST /signup/v2 HTTP/1.1[0m" 404 -
 * Serving Flask app "claves" (lazy loading)
 * Environment: production
   WARNING: This is a development server. Do not use it in a production deployment.
   Use a production WSGI server instead.
 * Debug mode: off
Traceback (most recent call last):
  File "claves.py", line 15, in <module>
    app.run(host='0.0.0.0', port=4000, ssl_context='adhoc')
  File "/home/devasc/.local/lib/python3.8/site-packages/flask/app.py", line 990, in run
    run_simple(host, port, self, **options)
  File "/home/devasc/.local/lib/python3.8/site-packages/werkzeug/serving.py", line 1052, in run_simple
    inner()
  File "/home/devasc/.local/lib/python3.8/site-packages/werkzeug/serving.py", line 996, in inner
    srv = make_server(
  File "/home/devasc/.local/lib/python3.8/site-packages/werkzeug/serving.py", line 847, in make_server
    return ThreadedWSGIServer(
  File "/home/devasc/.local/lib/python3.8/site-packages/werkzeug/serving.py", line 740, in __init__
    HTTPServer.__init__(self, server_address, handler)
  File "/usr/lib/python3.8/socketserver.py", line 452, in __init__
    self.server_bind()
  File "/usr/lib/python3.8/http/server.py", line 138, in server_bind
    socketserver.TCPServer.server_bind(self)
  File "/usr/lib/python3.8/socketserver.py", line 466, in server_bind
    self.socket.bind(self.server_address)
OSError: [Errno 98] Address already in use
127.0.0.1 - - [31/May/2024 19:59:19] "[33mPOST /signup/v2 HTTP/1.1[0m" 404 -
 * Serving Flask app "claves" (lazy loading)
 * Environment: production
   WARNING: This is a development server. Do not use it in a production deployment.
   Use a production WSGI server instead.
 * Debug mode: off
Traceback (most recent call last):
  File "claves.py", line 15, in <module>
    app.run(host='0.0.0.0', port=4000, ssl_context='adhoc')
  File "/home/devasc/.local/lib/python3.8/site-packages/flask/app.py", line 990, in run
    run_simple(host, port, self, **options)
  File "/home/devasc/.local/lib/python3.8/site-packages/werkzeug/serving.py", line 1052, in run_simple
    inner()
  File "/home/devasc/.local/lib/python3.8/site-packages/werkzeug/serving.py", line 996, in inner
    srv = make_server(
  File "/home/devasc/.local/lib/python3.8/site-packages/werkzeug/serving.py", line 847, in make_server
    return ThreadedWSGIServer(
  File "/home/devasc/.local/lib/python3.8/site-packages/werkzeug/serving.py", line 740, in __init__
    HTTPServer.__init__(self, server_address, handler)
  File "/usr/lib/python3.8/socketserver.py", line 452, in __init__
    self.server_bind()
  File "/usr/lib/python3.8/http/server.py", line 138, in server_bind
    socketserver.TCPServer.server_bind(self)
  File "/usr/lib/python3.8/socketserver.py", line 466, in server_bind
    self.socket.bind(self.server_address)
OSError: [Errno 98] Address already in use
127.0.0.1 - - [31/May/2024 20:00:15] "[37mGET / HTTP/1.1[0m" 200 -
127.0.0.1 - - [31/May/2024 20:01:54] "[37mGET / HTTP/1.1[0m" 200 -
 * Serving Flask app "claves" (lazy loading)
 * Environment: production
   WARNING: This is a development server. Do not use it in a production deployment.
   Use a production WSGI server instead.
 * Debug mode: off
Traceback (most recent call last):
  File "claves.py", line 15, in <module>
    app.run(host='0.0.0.0', port=4000, ssl_context='adhoc')
  File "/home/devasc/.local/lib/python3.8/site-packages/flask/app.py", line 990, in run
    run_simple(host, port, self, **options)
  File "/home/devasc/.local/lib/python3.8/site-packages/werkzeug/serving.py", line 1052, in run_simple
    inner()
  File "/home/devasc/.local/lib/python3.8/site-packages/werkzeug/serving.py", line 996, in inner
    srv = make_server(
  File "/home/devasc/.local/lib/python3.8/site-packages/werkzeug/serving.py", line 847, in make_server
    return ThreadedWSGIServer(
  File "/home/devasc/.local/lib/python3.8/site-packages/werkzeug/serving.py", line 740, in __init__
    HTTPServer.__init__(self, server_address, handler)
  File "/usr/lib/python3.8/socketserver.py", line 452, in __init__
    self.server_bind()
  File "/usr/lib/python3.8/http/server.py", line 138, in server_bind
    socketserver.TCPServer.server_bind(self)
  File "/usr/lib/python3.8/socketserver.py", line 466, in server_bind
    self.socket.bind(self.server_address)
OSError: [Errno 98] Address already in use
127.0.0.1 - - [31/May/2024 20:04:07] "[33mPOST /signup/v2 HTTP/1.1[0m" 404 -
 * Serving Flask app "claves" (lazy loading)
 * Environment: production
   WARNING: This is a development server. Do not use it in a production deployment.
   Use a production WSGI server instead.
 * Debug mode: off
 * Running on https://0.0.0.0:4000/ (Press CTRL+C to quit)
127.0.0.1 - - [31/May/2024 20:05:10] "[37mGET / HTTP/1.1[0m" 200 -
127.0.0.1 - - [31/May/2024 20:05:23] "[37mPOST /signup/v2 HTTP/1.1[0m" 200 -
127.0.0.1 - - [31/May/2024 20:07:48] "[37mPOST /signup/v2 HTTP/1.1[0m" 200 -
127.0.0.1 - - [31/May/2024 20:11:17] "[37mPOST /login/v2 HTTP/1.1[0m" 200 -
127.0.0.1 - - [31/May/2024 20:13:13] "[37mPOST /login/v2 HTTP/1.1[0m" 200 -
127.0.0.1 - - [31/May/2024 20:14:43] "[37mPOST /login/v2 HTTP/1.1[0m" 200 -
127.0.0.1 - - [31/May/2024 20:15:33] "[37mPOST /signup/v2 HTTP/1.1[0m" 200 -
127.0.0.1 - - [31/May/2024 20:15:51] "[37mPOST /login/v2 HTTP/1.1[0m" 200 -
127.0.0.1 - - [31/May/2024 20:18:45] "[37mPOST /login/v2 HTTP/1.1[0m" 200 -
127.0.0.1 - - [31/May/2024 20:19:27] "[37mPOST /login/v2 HTTP/1.1[0m" 200 -
127.0.0.1 - - [31/May/2024 20:21:49] "[37mPOST /signup/v2 HTTP/1.1[0m" 200 -
127.0.0.1 - - [31/May/2024 20:21:58] "[37mPOST /signup/v2 HTTP/1.1[0m" 200 -
